<component name="DependencyValidationManager">
  <scope name="JUnit_Assertions" pattern="lib:org.junit.jupiter.api.Assertions" />
</component>